<?xml version="1.0" encoding="UTF-8"?>
<!-- Generated by org.testng.reporters.JUnitReportReporter -->
<testsuite hostname="DESKTOP-J8GABIC" failures="0" tests="1" name="com.api.tests.ForgotPasswordTest" time="2.589" errors="0" timestamp="2025-03-19T11:31:18 IST" skipped="0">
  <testcase classname="com.api.tests.ForgotPasswordTest" name="forgotPasswordTest" time="2.589"/>
  <system-out/>
</testsuite> <!-- com.api.tests.ForgotPasswordTest -->
