<?xml version="1.0" encoding="UTF-8"?>
<!-- Generated by org.testng.reporters.JUnitReportReporter -->
<testsuite hostname="DESKTOP-J8GABIC" failures="0" tests="1" name="com.api.tests.AccountCreationTest" time="2.050" errors="0" timestamp="2025-03-19T12:53:27 IST" skipped="0">
  <testcase classname="com.api.tests.AccountCreationTest" name="createAccountTest" time="2.050"/>
  <system-out/>
</testsuite> <!-- com.api.tests.AccountCreationTest -->
