<?xml version="1.0" encoding="UTF-8"?>
<!-- Generated by org.testng.reporters.JUnitReportReporter -->
<testsuite hostname="DESKTOP-J8GABIC" failures="0" tests="1" name="com.api.tests.LoginAPITest" time="11.772" errors="0" timestamp="2025-03-20T10:48:54 IST" skipped="0">
  <testcase classname="com.api.tests.LoginAPITest" name="loginTest" time="11.772"/>
</testsuite> <!-- com.api.tests.LoginAPITest -->
