<?xml version="1.0" encoding="UTF-8"?>
<!-- Generated by org.testng.reporters.JUnitReportReporter -->
<testsuite hostname="DESKTOP-J8GABIC" failures="0" tests="1" name="com.api.tests.UpdateProfileTest" time="2.702" errors="0" timestamp="2025-03-19T15:48:39 IST" skipped="0">
  <testcase classname="com.api.tests.UpdateProfileTest" name="updateProfileTest" time="2.702"/>
  <system-out/>
</testsuite> <!-- com.api.tests.UpdateProfileTest -->
