<?xml version="1.0" encoding="UTF-8"?>
<!-- Generated by org.testng.reporters.JUnitReportReporter -->
<testsuite hostname="DESKTOP-J8GABIC" failures="0" tests="1" name="com.api.tests.GetProfileRequestTest" time="2.479" errors="0" timestamp="2025-03-19T13:29:19 IST" skipped="0">
  <testcase classname="com.api.tests.GetProfileRequestTest" name="getProfileRequestTest" time="2.479"/>
  <system-out/>
</testsuite> <!-- com.api.tests.GetProfileRequestTest -->
